<?xml version="1.0" encoding="UTF-8"?>
<!-- Generated by org.testng.reporters.JUnitReportReporter -->
<testsuite hostname="LAPTOP-G2J21VAG" failures="0" tests="1" name="commonFunctions.SearchProduct" time="3.179" errors="0" timestamp="2025-06-18T16:57:32 IST" skipped="0">
  <testcase classname="commonFunctions.SearchProduct" name="searchProduct" time="3.179"/>
  <system-out>
    <![CDATA[Valid ::signin   https://www.amazon.in/?ref_=nav_ya_signin
Rating filter (above 4 stars) applied successfully.
Price filter now applied Successfully; minimum price is 2000/-]]>
  </system-out>
</testsuite> <!-- commonFunctions.SearchProduct -->
