<?xml version="1.0" encoding="UTF-8"?>
<!-- Generated by org.testng.reporters.JUnitReportReporter -->
<testsuite hostname="LAPTOP-G2J21VAG" failures="0" tests="1" name="commonFunctions.SearchProduct" time="4.033" errors="0" timestamp="2025-06-18T17:25:59 IST" skipped="0">
  <testcase classname="commonFunctions.SearchProduct" name="searchProduct" time="4.033"/>
  <system-out>
    <![CDATA[Valid ::signin   https://www.amazon.in/?ref_=nav_ya_signin
Falied to apply rating filter.
Failed to apply price filter.]]>
  </system-out>
</testsuite> <!-- commonFunctions.SearchProduct -->
