<?xml version="1.0" encoding="UTF-8"?>
<!-- Generated by org.testng.reporters.JUnitReportReporter -->
<testsuite hostname="LAPTOP-G2J21VAG" failures="0" tests="1" name="testRunner.Runner" time="0.011" errors="0" timestamp="2025-06-18T17:25:59 IST" skipped="0">
  <testcase classname="testRunner.Runner" name="kickStart" time="0.011"/>
  <system-out>
    <![CDATA[Valid ::signin   https://www.amazon.in/?ref_=nav_ya_signin
Falied to apply rating filter.
Failed to apply price filter.]]>
  </system-out>
</testsuite> <!-- testRunner.Runner -->
