<?xml version="1.0" encoding="UTF-8"?>
<!-- Generated by org.testng.reporters.JUnitReportReporter -->
<testsuite hostname="LAPTOP-G2J21VAG" failures="0" tests="1" name="commonFunctions.SearchProduct" time="0.000" errors="0" timestamp="2025-06-19T12:56:30 IST" skipped="1">
  <testcase classname="commonFunctions.SearchProduct" name="searchProduct" time="0.000">
    <skipped/>
  </testcase> <!-- searchProduct -->
</testsuite> <!-- commonFunctions.SearchProduct -->
