<?xml version="1.0" encoding="UTF-8"?>
<!-- Generated by org.testng.reporters.JUnitReportReporter -->
<testsuite hostname="LAPTOP-G2J21VAG" failures="0" tests="1" name="commonFunctions.RatingFilter" time="0.000" errors="0" timestamp="2025-06-19T12:56:30 IST" skipped="1">
  <testcase classname="commonFunctions.RatingFilter" name="ratingFilter" time="0.000">
    <skipped/>
  </testcase> <!-- ratingFilter -->
</testsuite> <!-- commonFunctions.RatingFilter -->
