<?xml version="1.0" encoding="UTF-8"?>
<!-- Generated by org.testng.reporters.JUnitReportReporter -->
<testsuite hostname="LAPTOP-G2J21VAG" failures="0" tests="1" name="config.AppUtil" time="0.000" errors="0" timestamp="2025-06-18T13:20:09 IST" skipped="1">
  <testcase classname="config.AppUtil" name="Search" time="0.000">
    <skipped/>
  </testcase> <!-- Search -->
</testsuite> <!-- config.AppUtil -->
